ION_TYPE,BOND_POSITION,PEAK_MZ,PEAK_STRENGTH,NUM_SPECTRA_WITH_ION,NUM_SPECTRA_IN_CONSENSUS,ION_CHARGE,LEFT_AA,RIGHT_AA,P_CHARGE,P_NAA,P_MASS,P_MZ,PROTEIN_NAME
B_ION_18,12,227.100006, 99,3, 2, 5, G,L,5,18, 1884.152954,376.830994, "SWISS-PROT:P61769 Beta-2-microglobulin precursor"
B_ION,5,256.000000, 58,3, 2, 2, L,A,5,18, 1884.152954,376.830994, "SWISS-PROT:P61769 Beta-2-microglobulin precursor"
Y_ION,13,275.500000, 78,3, 2, 5, L,E,5,18, 1884.152954,376.830994, "SWISS-PROT:P61769 Beta-2-microglobulin precursor"
B_ION_18,14,275.500000, 78,3, 2, 5, E,Z,5,18, 1884.152954,376.830994, "SWISS-PROT:P61769 Beta-2-microglobulin precursor"
Y_ION,8,292.299988, 33,3, 2, 3, L,S,5,18, 1884.152954,376.830994, "SWISS-PROT:P61769 Beta-2-microglobulin precursor"
B_ION_18,9,292.299988, 33,3, 2, 3, S,L,5,18, 1884.152954,376.830994, "SWISS-PROT:P61769 Beta-2-microglobulin precursor"
B_ION,16,316.299988, 21,1, 2, 5, A,I,5,18, 1884.152954,376.830994, "SWISS-PROT:P61769 Beta-2-microglobulin precursor"
Y_ION,16,331.200012, 48,3, 3, 5, A,I,5,18, 1884.152954,376.830994, "SWISS-PROT:P61769 Beta-2-microglobulin precursor"
Y_ION,10,358.799988, 1550,3, 3, 3, L,S,5,18, 1884.152954,376.830994, "SWISS-PROT:P61769 Beta-2-microglobulin precursor"
B_ION_18,11,359.299988, 313,3, 2, 3, S,G,5,18, 1884.152954,376.830994, "SWISS-PROT:P61769 Beta-2-microglobulin precursor"
B_ION_18,11,360.299988, 56,3, 2, 3, S,G,5,18, 1884.152954,376.830994, "SWISS-PROT:P61769 Beta-2-microglobulin precursor"
A_ION,4,368.700012, 80,3, 2, 1, V,L,5,18, 1884.152954,376.830994, "SWISS-PROT:P61769 Beta-2-microglobulin precursor"
B_ION_18,5,492.200012, 151,3, 3, 1, L,A,5,18, 1884.152954,376.830994, "SWISS-PROT:P61769 Beta-2-microglobulin precursor"
B_ION_18,7,676.000000, 18,1, 2, 1, L,L,5,18, 1884.152954,376.830994, "SWISS-PROT:P61769 Beta-2-microglobulin precursor"
B_ION,7,694.299988, 55,3, 3, 1, L,L,5,18, 1884.152954,376.830994, "SWISS-PROT:P61769 Beta-2-microglobulin precursor"
B_ION,7,695.299988, 56,3, 3, 1, L,L,5,18, 1884.152954,376.830994, "SWISS-PROT:P61769 Beta-2-microglobulin precursor"
Y_ION_17,6,712.299988, 82,3, 3, 1, A,L,5,18, 1884.152954,376.830994, "SWISS-PROT:P61769 Beta-2-microglobulin precursor"
B_ION_18,6,233.100006, 128,16, 16, 3, F,H,3,17, 1980.979004,660.325989, "SWISS-PROT:P61769 Beta-2-microglobulin precursor"
Y_ION_18,6,233.100006, 128,16, 16, 3, F,H,3,17, 1980.979004,660.325989, "SWISS-PROT:P61769 Beta-2-microglobulin precursor"
B_ION_18,6,234.100006, 52,16, 16, 3, F,H,3,17, 1980.979004,660.325989, "SWISS-PROT:P61769 Beta-2-microglobulin precursor"
Y_ION_18,4,235.199997, 44,16, 12, 2, S,G,3,17, 1980.979004,660.325989, "SWISS-PROT:P61769 Beta-2-microglobulin precursor"
Y_ION,2,260.200012, 37,15, 9, 1, Y,V,3,17, 1980.979004,660.325989, "SWISS-PROT:P61769 Beta-2-microglobulin precursor"
B_ION_18,7,278.100006, 184,16, 16, 3, H,P,3,17, 1980.979004,660.325989, "SWISS-PROT:P61769 Beta-2-microglobulin precursor"
B_ION_18,7,279.200012, 323,16, 16, 3, H,P,3,17, 1980.979004,660.325989, "SWISS-PROT:P61769 Beta-2-microglobulin precursor"
B_ION_18,7,280.100006, 53,16, 13, 3, H,P,3,17, 1980.979004,660.325989, "SWISS-PROT:P61769 Beta-2-microglobulin precursor"
Y_ION_18,5,285.200012, 43,16, 11, 2, G,F,3,17, 1980.979004,660.325989, "SWISS-PROT:P61769 Beta-2-microglobulin precursor"
Y_ION_17,5,285.200012, 43,16, 11, 2, G,F,3,17, 1980.979004,660.325989, "SWISS-PROT:P61769 Beta-2-microglobulin precursor"
A_ION,2,296.100006, 1515,16, 16, 1, Y,V,3,17, 1980.979004,660.325989, "SWISS-PROT:P61769 Beta-2-microglobulin precursor"
A_ION,2,297.100006, 202,16, 16, 1, Y,V,3,17, 1980.979004,660.325989, "SWISS-PROT:P61769 Beta-2-microglobulin precursor"
A_ION,2,298.100006, 43,15, 12, 1, Y,V,3,17, 1980.979004,660.325989, "SWISS-PROT:P61769 Beta-2-microglobulin precursor"
B_ION_18,2,306.100006, 172,16, 16, 1, Y,V,3,17, 1980.979004,660.325989, "SWISS-PROT:P61769 Beta-2-microglobulin precursor"
B_ION_17,2,307.200012, 92,16, 15, 1, Y,V,3,17, 1980.979004,660.325989, "SWISS-PROT:P61769 Beta-2-microglobulin precursor"
B_ION,2,324.000000, 1007,16, 16, 1, Y,V,3,17, 1980.979004,660.325989, "SWISS-PROT:P61769 Beta-2-microglobulin precursor"
B_ION,2,325.100006, 120,16, 15, 1, Y,V,3,17, 1980.979004,660.325989, "SWISS-PROT:P61769 Beta-2-microglobulin precursor"
B_ION,2,326.200012, 59,16, 10, 1, Y,V,3,17, 1980.979004,660.325989, "SWISS-PROT:P61769 Beta-2-microglobulin precursor"
Y_ION,3,373.399994, 237,16, 16, 1, V,S,3,17, 1980.979004,660.325989, "SWISS-PROT:P61769 Beta-2-microglobulin precursor"
Y_ION,3,374.399994, 55,16, 15, 1, V,S,3,17, 1980.979004,660.325989, "SWISS-PROT:P61769 Beta-2-microglobulin precursor"
Y_ION,10,377.299988, 48,16, 12, 3, D,I,3,17, 1980.979004,660.325989, "SWISS-PROT:P61769 Beta-2-microglobulin precursor"
B_ION_18,10,378.100006, 60,16, 12, 3, D,I,3,17, 1980.979004,660.325989, "SWISS-PROT:P61769 Beta-2-microglobulin precursor"
A_ION,3,395.100006, 107,16, 16, 1, V,S,3,17, 1980.979004,660.325989, "SWISS-PROT:P61769 Beta-2-microglobulin precursor"
A_ION,3,396.000000, 50,16, 9, 1, V,S,3,17, 1980.979004,660.325989, "SWISS-PROT:P61769 Beta-2-microglobulin precursor"
B_ION_18,3,405.200012, 102,16, 16, 1, V,S,3,17, 1980.979004,660.325989, "SWISS-PROT:P61769 Beta-2-microglobulin precursor"
Y_ION_18,7,406.299988, 90,16, 15, 2, H,P,3,17, 1980.979004,660.325989, "SWISS-PROT:P61769 Beta-2-microglobulin precursor"
B_ION_17,3,406.299988, 90,16, 15, 1, V,S,3,17, 1980.979004,660.325989, "SWISS-PROT:P61769 Beta-2-microglobulin precursor"
B_ION_18,7,417.299988, 224,16, 16, 2, H,P,3,17, 1980.979004,660.325989, "SWISS-PROT:P61769 Beta-2-microglobulin precursor"
B_ION_18,7,418.200012, 82,16, 15, 2, H,P,3,17, 1980.979004,660.325989, "SWISS-PROT:P61769 Beta-2-microglobulin precursor"
B_ION,3,423.200012, 1353,16, 16, 1, V,S,3,17, 1980.979004,660.325989, "SWISS-PROT:P61769 Beta-2-microglobulin precursor"
B_ION,3,424.299988, 266,16, 15, 1, V,S,3,17, 1980.979004,660.325989, "SWISS-PROT:P61769 Beta-2-microglobulin precursor"
B_ION,3,425.299988, 63,16, 13, 1, V,S,3,17, 1980.979004,660.325989, "SWISS-PROT:P61769 Beta-2-microglobulin precursor"
B_ION,7,426.299988, 163,16, 16, 2, H,P,3,17, 1980.979004,660.325989, "SWISS-PROT:P61769 Beta-2-microglobulin precursor"
B_ION,12,465.200012, 32,15, 8, 3, E,V,3,17, 1980.979004,660.325989, "SWISS-PROT:P61769 Beta-2-microglobulin precursor"
Y_ION_18,12,465.200012, 32,15, 8, 3, E,V,3,17, 1980.979004,660.325989, "SWISS-PROT:P61769 Beta-2-microglobulin precursor"
B_ION,8,474.399994, 41,15, 9, 2, P,S,3,17, 1980.979004,660.325989, "SWISS-PROT:P61769 Beta-2-microglobulin precursor"
A_ION,4,482.000000, 28,13, 8, 1, S,G,3,17, 1980.979004,660.325989, "SWISS-PROT:P61769 Beta-2-microglobulin precursor"
Y_ION,4,488.299988, 59,16, 14, 1, S,G,3,17, 1980.979004,660.325989, "SWISS-PROT:P61769 Beta-2-microglobulin precursor"
B_ION_18,4,492.100006, 85,16, 16, 1, S,G,3,17, 1980.979004,660.325989, "SWISS-PROT:P61769 Beta-2-microglobulin precursor"
B_ION_18,13,492.100006, 85,16, 16, 3, V,D,3,17, 1980.979004,660.325989, "SWISS-PROT:P61769 Beta-2-microglobulin precursor"
B_ION_17,4,493.299988, 96,16, 16, 1, S,G,3,17, 1980.979004,660.325989, "SWISS-PROT:P61769 Beta-2-microglobulin precursor"
B_ION_18,9,509.500000, 98,16, 10, 2, S,D,3,17, 1980.979004,660.325989, "SWISS-PROT:P61769 Beta-2-microglobulin precursor"
B_ION,4,510.299988, 94,16, 15, 1, S,G,3,17, 1980.979004,660.325989, "SWISS-PROT:P61769 Beta-2-microglobulin precursor"
B_ION,9,518.400024, 45,16, 9, 2, S,D,3,17, 1980.979004,660.325989, "SWISS-PROT:P61769 Beta-2-microglobulin precursor"
Y_ION_18,15,547.099976, 43,15, 8, 3, L,L,3,17, 1980.979004,660.325989, "SWISS-PROT:P61769 Beta-2-microglobulin precursor"
B_ION_18,5,549.200012, 40,15, 10, 1, G,F,3,17, 1980.979004,660.325989, "SWISS-PROT:P61769 Beta-2-microglobulin precursor"
Y_ION_17,10,556.299988, 55,16, 13, 2, D,I,3,17, 1980.979004,660.325989, "SWISS-PROT:P61769 Beta-2-microglobulin precursor"
Y_ION_18,10,556.299988, 55,16, 13, 2, D,I,3,17, 1980.979004,660.325989, "SWISS-PROT:P61769 Beta-2-microglobulin precursor"
Y_ION,10,565.000000, 1409,16, 16, 2, D,I,3,17, 1980.979004,660.325989, "SWISS-PROT:P61769 Beta-2-microglobulin precursor"
Y_ION,10,566.000000, 156,16, 14, 2, D,I,3,17, 1980.979004,660.325989, "SWISS-PROT:P61769 Beta-2-microglobulin precursor"
B_ION,5,567.000000, 272,16, 16, 1, G,F,3,17, 1980.979004,660.325989, "SWISS-PROT:P61769 Beta-2-microglobulin precursor"
B_ION_18,10,567.000000, 272,16, 16, 2, D,I,3,17, 1980.979004,660.325989, "SWISS-PROT:P61769 Beta-2-microglobulin precursor"
B_ION_18,15,567.900024, 44,16, 10, 3, L,L,3,17, 1980.979004,660.325989, "SWISS-PROT:P61769 Beta-2-microglobulin precursor"
B_ION,10,575.799988, 92,16, 13, 2, D,I,3,17, 1980.979004,660.325989, "SWISS-PROT:P61769 Beta-2-microglobulin precursor"
Y_ION,5,587.400024, 148,16, 16, 1, G,F,3,17, 1980.979004,660.325989, "SWISS-PROT:P61769 Beta-2-microglobulin precursor"
Y_ION,5,588.500000, 38,15, 14, 1, G,F,3,17, 1980.979004,660.325989, "SWISS-PROT:P61769 Beta-2-microglobulin precursor"
B_ION_18,11,623.599976, 80,16, 11, 2, I,E,3,17, 1980.979004,660.325989, "SWISS-PROT:P61769 Beta-2-microglobulin precursor"
Y_ION_18,11,624.099976, 207,16, 12, 2, I,E,3,17, 1980.979004,660.325989, "SWISS-PROT:P61769 Beta-2-microglobulin precursor"
Y_ION_17,11,625.200012, 140,16, 14, 2, I,E,3,17, 1980.979004,660.325989, "SWISS-PROT:P61769 Beta-2-microglobulin precursor"
Y_ION,11,633.599976, 469,16, 16, 2, I,E,3,17, 1980.979004,660.325989, "SWISS-PROT:P61769 Beta-2-microglobulin precursor"
B_ION_18,12,688.099976, 130,16, 14, 2, E,V,3,17, 1980.979004,660.325989, "SWISS-PROT:P61769 Beta-2-microglobulin precursor"
B_ION_18,12,688.900024, 78,16, 9, 2, E,V,3,17, 1980.979004,660.325989, "SWISS-PROT:P61769 Beta-2-microglobulin precursor"
B_ION,12,696.299988, 186,16, 15, 2, E,V,3,17, 1980.979004,660.325989, "SWISS-PROT:P61769 Beta-2-microglobulin precursor"
B_ION_18,6,696.299988, 186,16, 15, 1, F,H,3,17, 1980.979004,660.325989, "SWISS-PROT:P61769 Beta-2-microglobulin precursor"
B_ION,12,697.299988, 135,16, 16, 2, E,V,3,17, 1980.979004,660.325989, "SWISS-PROT:P61769 Beta-2-microglobulin precursor"
Y_ION_18,12,697.299988, 135,16, 16, 2, E,V,3,17, 1980.979004,660.325989, "SWISS-PROT:P61769 Beta-2-microglobulin precursor"
Y_ION_18,6,698.500000, 52,16, 12, 1, F,H,3,17, 1980.979004,660.325989, "SWISS-PROT:P61769 Beta-2-microglobulin precursor"
Y_ION_17,12,698.500000, 52,16, 12, 2, E,V,3,17, 1980.979004,660.325989, "SWISS-PROT:P61769 Beta-2-microglobulin precursor"
Y_ION,12,707.099976, 180,16, 16, 2, E,V,3,17, 1980.979004,660.325989, "SWISS-PROT:P61769 Beta-2-microglobulin precursor"
B_ION,6,714.299988, 100,16, 15, 1, F,H,3,17, 1980.979004,660.325989, "SWISS-PROT:P61769 Beta-2-microglobulin precursor"
Y_ION,6,716.400024, 148,16, 15, 1, F,H,3,17, 1980.979004,660.325989, "SWISS-PROT:P61769 Beta-2-microglobulin precursor"
Y_ION,6,717.500000, 69,16, 16, 1, F,H,3,17, 1980.979004,660.325989, "SWISS-PROT:P61769 Beta-2-microglobulin precursor"
Y_ION,6,718.599976, 44,15, 8, 1, F,H,3,17, 1980.979004,660.325989, "SWISS-PROT:P61769 Beta-2-microglobulin precursor"
Y_ION_17,13,726.700012, 46,16, 12, 2, V,D,3,17, 1980.979004,660.325989, "SWISS-PROT:P61769 Beta-2-microglobulin precursor"
Y_ION_18,13,726.700012, 46,16, 12, 2, V,D,3,17, 1980.979004,660.325989, "SWISS-PROT:P61769 Beta-2-microglobulin precursor"
Y_ION,13,735.599976, 1376,16, 16, 2, V,D,3,17, 1980.979004,660.325989, "SWISS-PROT:P61769 Beta-2-microglobulin precursor"
Y_ION,13,736.500000, 380,16, 12, 2, V,D,3,17, 1980.979004,660.325989, "SWISS-PROT:P61769 Beta-2-microglobulin precursor"
B_ION_18,13,737.799988, 46,15, 13, 2, V,D,3,17, 1980.979004,660.325989, "SWISS-PROT:P61769 Beta-2-microglobulin precursor"
Y_ION_17,14,770.200012, 220,16, 16, 2, D,L,3,17, 1980.979004,660.325989, "SWISS-PROT:P61769 Beta-2-microglobulin precursor"
Y_ION_18,14,770.200012, 220,16, 16, 2, D,L,3,17, 1980.979004,660.325989, "SWISS-PROT:P61769 Beta-2-microglobulin precursor"
Y_ION_17,14,771.500000, 56,16, 10, 2, D,L,3,17, 1980.979004,660.325989, "SWISS-PROT:P61769 Beta-2-microglobulin precursor"
Y_ION,14,779.200012, 6450,16, 16, 2, D,L,3,17, 1980.979004,660.325989, "SWISS-PROT:P61769 Beta-2-microglobulin precursor"
Y_ION,14,780.200012, 972,16, 13, 2, D,L,3,17, 1980.979004,660.325989, "SWISS-PROT:P61769 Beta-2-microglobulin precursor"
B_ION_18,14,795.099976, 632,16, 16, 2, D,L,3,17, 1980.979004,660.325989, "SWISS-PROT:P61769 Beta-2-microglobulin precursor"
B_ION_18,14,795.900024, 171,16, 15, 2, D,L,3,17, 1980.979004,660.325989, "SWISS-PROT:P61769 Beta-2-microglobulin precursor"
B_ION,14,804.099976, 207,16, 16, 2, D,L,3,17, 1980.979004,660.325989, "SWISS-PROT:P61769 Beta-2-microglobulin precursor"
Y_ION_18,7,811.299988, 49,16, 9, 1, H,P,3,17, 1980.979004,660.325989, "SWISS-PROT:P61769 Beta-2-microglobulin precursor"
Y_ION_18,15,819.599976, 370,16, 16, 2, L,L,3,17, 1980.979004,660.325989, "SWISS-PROT:P61769 Beta-2-microglobulin precursor"
Y_ION_17,15,819.599976, 370,16, 16, 2, L,L,3,17, 1980.979004,660.325989, "SWISS-PROT:P61769 Beta-2-microglobulin precursor"
Y_ION_18,15,820.599976, 109,16, 9, 2, L,L,3,17, 1980.979004,660.325989, "SWISS-PROT:P61769 Beta-2-microglobulin precursor"
A_ION,7,823.400024, 40,15, 12, 1, H,P,3,17, 1980.979004,660.325989, "SWISS-PROT:P61769 Beta-2-microglobulin precursor"
A_ION,7,824.299988, 50,16, 12, 1, H,P,3,17, 1980.979004,660.325989, "SWISS-PROT:P61769 Beta-2-microglobulin precursor"
A_ION,7,825.599976, 37,15, 10, 1, H,P,3,17, 1980.979004,660.325989, "SWISS-PROT:P61769 Beta-2-microglobulin precursor"
Y_ION,15,828.700012, 10000,16, 16, 2, L,L,3,17, 1980.979004,660.325989, "SWISS-PROT:P61769 Beta-2-microglobulin precursor"
Y_ION,7,829.599976, 2076,16, 12, 1, H,P,3,17, 1980.979004,660.325989, "SWISS-PROT:P61769 Beta-2-microglobulin precursor"
B_ION_18,7,833.299988, 352,16, 16, 1, H,P,3,17, 1980.979004,660.325989, "SWISS-PROT:P61769 Beta-2-microglobulin precursor"
B_ION_17,7,834.299988, 201,16, 16, 1, H,P,3,17, 1980.979004,660.325989, "SWISS-PROT:P61769 Beta-2-microglobulin precursor"
B_ION_17,7,835.599976, 72,16, 12, 1, H,P,3,17, 1980.979004,660.325989, "SWISS-PROT:P61769 Beta-2-microglobulin precursor"
B_ION,7,851.400024, 523,16, 16, 1, H,P,3,17, 1980.979004,660.325989, "SWISS-PROT:P61769 Beta-2-microglobulin precursor"
B_ION_18,15,851.400024, 523,16, 16, 2, L,L,3,17, 1980.979004,660.325989, "SWISS-PROT:P61769 Beta-2-microglobulin precursor"
B_ION,7,852.299988, 281,16, 16, 1, H,P,3,17, 1980.979004,660.325989, "SWISS-PROT:P61769 Beta-2-microglobulin precursor"
B_ION,7,853.299988, 38,15, 10, 1, H,P,3,17, 1980.979004,660.325989, "SWISS-PROT:P61769 Beta-2-microglobulin precursor"
B_ION,15,860.799988, 47,16, 9, 2, L,L,3,17, 1980.979004,660.325989, "SWISS-PROT:P61769 Beta-2-microglobulin precursor"
B_ION_18,16,908.099976, 114,16, 13, 2, L,K,3,17, 1980.979004,660.325989, "SWISS-PROT:P61769 Beta-2-microglobulin precursor"
B_ION_18,16,908.900024, 75,16, 10, 2, L,K,3,17, 1980.979004,660.325989, "SWISS-PROT:P61769 Beta-2-microglobulin precursor"
Y_ION,16,909.900024, 456,16, 16, 2, L,K,3,17, 1980.979004,660.325989, "SWISS-PROT:P61769 Beta-2-microglobulin precursor"
Y_ION,16,911.000000, 229,16, 15, 2, L,K,3,17, 1980.979004,660.325989, "SWISS-PROT:P61769 Beta-2-microglobulin precursor"
B_ION,16,917.000000, 50,16, 10, 2, L,K,3,17, 1980.979004,660.325989, "SWISS-PROT:P61769 Beta-2-microglobulin precursor"
Y_ION,8,944.500000, 121,16, 16, 1, P,S,3,17, 1980.979004,660.325989, "SWISS-PROT:P61769 Beta-2-microglobulin precursor"
Y_ION,8,945.400024, 62,16, 13, 1, P,S,3,17, 1980.979004,660.325989, "SWISS-PROT:P61769 Beta-2-microglobulin precursor"
Y_ION,9,1031.500000, 83,16, 14, 1, S,D,3,17, 1980.979004,660.325989, "SWISS-PROT:P61769 Beta-2-microglobulin precursor"
Y_ION,9,1032.500000, 65,16, 13, 1, S,D,3,17, 1980.979004,660.325989, "SWISS-PROT:P61769 Beta-2-microglobulin precursor"
Y_ION_18,10,1110.500000, 47,16, 12, 1, D,I,3,17, 1980.979004,660.325989, "SWISS-PROT:P61769 Beta-2-microglobulin precursor"
Y_ION_17,10,1111.500000, 34,12, 9, 1, D,I,3,17, 1980.979004,660.325989, "SWISS-PROT:P61769 Beta-2-microglobulin precursor"
Y_ION,10,1128.500000, 1043,16, 16, 1, D,I,3,17, 1980.979004,660.325989, "SWISS-PROT:P61769 Beta-2-microglobulin precursor"
Y_ION,10,1129.500000, 537,16, 16, 1, D,I,3,17, 1980.979004,660.325989, "SWISS-PROT:P61769 Beta-2-microglobulin precursor"
Y_ION,10,1130.599976, 155,16, 16, 1, D,I,3,17, 1980.979004,660.325989, "SWISS-PROT:P61769 Beta-2-microglobulin precursor"
B_ION_17,10,1133.199951, 31,12, 9, 1, D,I,3,17, 1980.979004,660.325989, "SWISS-PROT:P61769 Beta-2-microglobulin precursor"
Y_ION,11,1265.599976, 55,16, 10, 1, I,E,3,17, 1980.979004,660.325989, "SWISS-PROT:P61769 Beta-2-microglobulin precursor"
Y_ION,4,475.600006, 399,2, 2, 1, S,G,2,21, 2436.178955,1218.089966, "SWISS-PROT:P61769 Beta-2-microglobulin precursor"
Y_ION,5,603.400024, 974,2, 2, 1, G,F,2,21, 2436.178955,1218.089966, "SWISS-PROT:P61769 Beta-2-microglobulin precursor"
Y_ION,5,604.400024, 266,2, 2, 1, G,F,2,21, 2436.178955,1218.089966, "SWISS-PROT:P61769 Beta-2-microglobulin precursor"
B_ION,12,697.200012, 253,2, 2, 2, E,V,2,21, 2436.178955,1218.089966, "SWISS-PROT:P61769 Beta-2-microglobulin precursor"
B_ION_17,6,697.200012, 253,2, 2, 1, F,H,2,21, 2436.178955,1218.089966, "SWISS-PROT:P61769 Beta-2-microglobulin precursor"
B_ION,6,714.299988, 265,2, 2, 1, F,H,2,21, 2436.178955,1218.089966, "SWISS-PROT:P61769 Beta-2-microglobulin precursor"
Y_ION,6,716.599976, 499,2, 2, 1, F,H,2,21, 2436.178955,1218.089966, "SWISS-PROT:P61769 Beta-2-microglobulin precursor"
Y_ION,6,717.599976, 357,2, 2, 1, F,H,2,21, 2436.178955,1218.089966, "SWISS-PROT:P61769 Beta-2-microglobulin precursor"
Y_ION,14,793.200012, 318,2, 2, 2, D,L,2,21, 2436.178955,1218.089966, "SWISS-PROT:P61769 Beta-2-microglobulin precursor"
Y_ION_17,7,812.599976, 664,2, 2, 1, H,P,2,21, 2436.178955,1218.089966, "SWISS-PROT:P61769 Beta-2-microglobulin precursor"
A_ION,7,823.400024, 904,2, 2, 1, H,P,2,21, 2436.178955,1218.089966, "SWISS-PROT:P61769 Beta-2-microglobulin precursor"
A_ION,7,824.500000, 797,2, 2, 1, H,P,2,21, 2436.178955,1218.089966, "SWISS-PROT:P61769 Beta-2-microglobulin precursor"
A_ION,7,825.299988, 273,2, 2, 1, H,P,2,21, 2436.178955,1218.089966, "SWISS-PROT:P61769 Beta-2-microglobulin precursor"
Y_ION,7,829.500000, 6542,2, 2, 1, H,P,2,21, 2436.178955,1218.089966, "SWISS-PROT:P61769 Beta-2-microglobulin precursor"
Y_ION,7,830.599976, 3358,2, 2, 1, H,P,2,21, 2436.178955,1218.089966, "SWISS-PROT:P61769 Beta-2-microglobulin precursor"
Y_ION,7,831.599976, 734,2, 2, 1, H,P,2,21, 2436.178955,1218.089966, "SWISS-PROT:P61769 Beta-2-microglobulin precursor"
B_ION_18,7,832.799988, 548,2, 2, 1, H,P,2,21, 2436.178955,1218.089966, "SWISS-PROT:P61769 Beta-2-microglobulin precursor"
B_ION_17,7,834.400024, 1180,2, 2, 1, H,P,2,21, 2436.178955,1218.089966, "SWISS-PROT:P61769 Beta-2-microglobulin precursor"
B_ION_17,7,835.299988, 571,2, 2, 1, H,P,2,21, 2436.178955,1218.089966, "SWISS-PROT:P61769 Beta-2-microglobulin precursor"
B_ION,7,851.299988, 4157,2, 2, 1, H,P,2,21, 2436.178955,1218.089966, "SWISS-PROT:P61769 Beta-2-microglobulin precursor"
B_ION_18,15,851.299988, 4157,2, 2, 2, L,L,2,21, 2436.178955,1218.089966, "SWISS-PROT:P61769 Beta-2-microglobulin precursor"
Y_ION_18,15,852.400024, 1887,2, 2, 2, L,L,2,21, 2436.178955,1218.089966, "SWISS-PROT:P61769 Beta-2-microglobulin precursor"
Y_ION_17,15,852.400024, 1887,2, 2, 2, L,L,2,21, 2436.178955,1218.089966, "SWISS-PROT:P61769 Beta-2-microglobulin precursor"
Y_ION_17,15,853.299988, 1231,2, 2, 2, L,L,2,21, 2436.178955,1218.089966, "SWISS-PROT:P61769 Beta-2-microglobulin precursor"
Y_ION,15,861.799988, 776,2, 2, 2, L,L,2,21, 2436.178955,1218.089966, "SWISS-PROT:P61769 Beta-2-microglobulin precursor"
Y_ION,15,862.700012, 436,2, 2, 2, L,L,2,21, 2436.178955,1218.089966, "SWISS-PROT:P61769 Beta-2-microglobulin precursor"
Y_ION,8,944.599976, 1240,2, 2, 1, P,S,2,21, 2436.178955,1218.089966, "SWISS-PROT:P61769 Beta-2-microglobulin precursor"
Y_ION,8,945.599976, 584,2, 2, 1, P,S,2,21, 2436.178955,1218.089966, "SWISS-PROT:P61769 Beta-2-microglobulin precursor"
Y_ION,8,946.500000, 328,2, 2, 1, P,S,2,21, 2436.178955,1218.089966, "SWISS-PROT:P61769 Beta-2-microglobulin precursor"
Y_ION,17,963.799988, 680,2, 2, 2, K,N,2,21, 2436.178955,1218.089966, "SWISS-PROT:P61769 Beta-2-microglobulin precursor"
Y_ION,17,964.700012, 319,2, 2, 2, K,N,2,21, 2436.178955,1218.089966, "SWISS-PROT:P61769 Beta-2-microglobulin precursor"
Y_ION_17,18,998.400024, 297,1, 2, 2, N,G,2,21, 2436.178955,1218.089966, "SWISS-PROT:P61769 Beta-2-microglobulin precursor"
Y_ION_18,18,998.400024, 297,1, 2, 2, N,G,2,21, 2436.178955,1218.089966, "SWISS-PROT:P61769 Beta-2-microglobulin precursor"
Y_ION,18,1007.200012, 1865,2, 2, 2, N,G,2,21, 2436.178955,1218.089966, "SWISS-PROT:P61769 Beta-2-microglobulin precursor"
Y_ION,18,1008.299988, 703,2, 2, 2, N,G,2,21, 2436.178955,1218.089966, "SWISS-PROT:P61769 Beta-2-microglobulin precursor"
B_ION,9,1035.199951, 283,2, 2, 1, S,D,2,21, 2436.178955,1218.089966, "SWISS-PROT:P61769 Beta-2-microglobulin precursor"
Y_ION,9,1043.599976, 1441,2, 2, 1, S,D,2,21, 2436.178955,1218.089966, "SWISS-PROT:P61769 Beta-2-microglobulin precursor"
Y_ION,19,1056.599976, 807,2, 2, 2, G,E,2,21, 2436.178955,1218.089966, "SWISS-PROT:P61769 Beta-2-microglobulin precursor"
B_ION_17,19,1057.800049, 384,2, 2, 2, G,E,2,21, 2436.178955,1218.089966, "SWISS-PROT:P61769 Beta-2-microglobulin precursor"
B_ION_18,19,1057.800049, 384,2, 2, 2, G,E,2,21, 2436.178955,1218.089966, "SWISS-PROT:P61769 Beta-2-microglobulin precursor"
B_ION_18,10,1132.400024, 456,2, 2, 1, D,I,2,21, 2436.178955,1218.089966, "SWISS-PROT:P61769 Beta-2-microglobulin precursor"
B_ION_17,10,1133.300049, 1292,2, 2, 1, D,I,2,21, 2436.178955,1218.089966, "SWISS-PROT:P61769 Beta-2-microglobulin precursor"
B_ION_17,10,1134.400024, 1044,2, 2, 1, D,I,2,21, 2436.178955,1218.089966, "SWISS-PROT:P61769 Beta-2-microglobulin precursor"
B_ION_17,10,1135.699951, 267,2, 2, 1, D,I,2,21, 2436.178955,1218.089966, "SWISS-PROT:P61769 Beta-2-microglobulin precursor"
B_ION,10,1150.300049, 3092,2, 2, 1, D,I,2,21, 2436.178955,1218.089966, "SWISS-PROT:P61769 Beta-2-microglobulin precursor"
B_ION,10,1151.400024, 2160,2, 2, 1, D,I,2,21, 2436.178955,1218.089966, "SWISS-PROT:P61769 Beta-2-microglobulin precursor"
B_ION,10,1152.400024, 916,2, 2, 1, D,I,2,21, 2436.178955,1218.089966, "SWISS-PROT:P61769 Beta-2-microglobulin precursor"
B_ION,10,1153.300049, 376,2, 2, 1, D,I,2,21, 2436.178955,1218.089966, "SWISS-PROT:P61769 Beta-2-microglobulin precursor"
Y_ION_18,10,1154.599976, 412,2, 2, 1, D,I,2,21, 2436.178955,1218.089966, "SWISS-PROT:P61769 Beta-2-microglobulin precursor"
Y_ION_17,10,1155.800049, 757,2, 2, 1, D,I,2,21, 2436.178955,1218.089966, "SWISS-PROT:P61769 Beta-2-microglobulin precursor"
Y_ION_17,10,1156.699951, 487,2, 2, 1, D,I,2,21, 2436.178955,1218.089966, "SWISS-PROT:P61769 Beta-2-microglobulin precursor"
Y_ION,10,1172.599976, 1621,2, 2, 1, D,I,2,21, 2436.178955,1218.089966, "SWISS-PROT:P61769 Beta-2-microglobulin precursor"
Y_ION,10,1173.599976, 902,2, 2, 1, D,I,2,21, 2436.178955,1218.089966, "SWISS-PROT:P61769 Beta-2-microglobulin precursor"
Y_ION,10,1174.300049, 734,2, 2, 1, D,I,2,21, 2436.178955,1218.089966, "SWISS-PROT:P61769 Beta-2-microglobulin precursor"
B_ION_17,11,1246.699951, 271,2, 2, 1, I,E,2,21, 2436.178955,1218.089966, "SWISS-PROT:P61769 Beta-2-microglobulin precursor"
B_ION,11,1263.599976, 371,2, 2, 1, I,E,2,21, 2436.178955,1218.089966, "SWISS-PROT:P61769 Beta-2-microglobulin precursor"
B_ION,11,1264.800049, 385,2, 2, 1, I,E,2,21, 2436.178955,1218.089966, "SWISS-PROT:P61769 Beta-2-microglobulin precursor"
Y_ION_17,11,1268.300049, 381,2, 2, 1, I,E,2,21, 2436.178955,1218.089966, "SWISS-PROT:P61769 Beta-2-microglobulin precursor"
Y_ION_18,11,1268.300049, 381,2, 2, 1, I,E,2,21, 2436.178955,1218.089966, "SWISS-PROT:P61769 Beta-2-microglobulin precursor"
Y_ION,11,1285.699951, 5898,2, 2, 1, I,E,2,21, 2436.178955,1218.089966, "SWISS-PROT:P61769 Beta-2-microglobulin precursor"
Y_ION,11,1286.699951, 2438,2, 2, 1, I,E,2,21, 2436.178955,1218.089966, "SWISS-PROT:P61769 Beta-2-microglobulin precursor"
Y_ION,11,1287.599976, 1281,2, 2, 1, I,E,2,21, 2436.178955,1218.089966, "SWISS-PROT:P61769 Beta-2-microglobulin precursor"
Y_ION,11,1288.500000, 318,2, 2, 1, I,E,2,21, 2436.178955,1218.089966, "SWISS-PROT:P61769 Beta-2-microglobulin precursor"
B_ION_17,12,1375.400024, 493,2, 2, 1, E,V,2,21, 2436.178955,1218.089966, "SWISS-PROT:P61769 Beta-2-microglobulin precursor"
Y_ION_18,12,1382.500000, 310,2, 2, 1, E,V,2,21, 2436.178955,1218.089966, "SWISS-PROT:P61769 Beta-2-microglobulin precursor"
B_ION,12,1392.500000, 1054,2, 2, 1, E,V,2,21, 2436.178955,1218.089966, "SWISS-PROT:P61769 Beta-2-microglobulin precursor"
B_ION,12,1393.500000, 478,2, 2, 1, E,V,2,21, 2436.178955,1218.089966, "SWISS-PROT:P61769 Beta-2-microglobulin precursor"
B_ION,12,1394.300049, 333,2, 2, 1, E,V,2,21, 2436.178955,1218.089966, "SWISS-PROT:P61769 Beta-2-microglobulin precursor"
Y_ION_18,13,1470.099976, 308,2, 2, 1, V,D,2,21, 2436.178955,1218.089966, "SWISS-PROT:P61769 Beta-2-microglobulin precursor"
Y_ION,13,1487.599976, 618,2, 2, 1, V,D,2,21, 2436.178955,1218.089966, "SWISS-PROT:P61769 Beta-2-microglobulin precursor"
Y_ION,13,1488.800049, 346,2, 2, 1, V,D,2,21, 2436.178955,1218.089966, "SWISS-PROT:P61769 Beta-2-microglobulin precursor"
Y_ION,13,1489.599976, 353,2, 2, 1, V,D,2,21, 2436.178955,1218.089966, "SWISS-PROT:P61769 Beta-2-microglobulin precursor"
B_ION,13,1491.599976, 279,2, 2, 1, V,D,2,21, 2436.178955,1218.089966, "SWISS-PROT:P61769 Beta-2-microglobulin precursor"
B_ION,13,1492.500000, 425,2, 2, 1, V,D,2,21, 2436.178955,1218.089966, "SWISS-PROT:P61769 Beta-2-microglobulin precursor"
Y_ION_18,14,1566.800049, 703,2, 2, 1, D,L,2,21, 2436.178955,1218.089966, "SWISS-PROT:P61769 Beta-2-microglobulin precursor"
Y_ION_17,14,1567.699951, 1287,2, 2, 1, D,L,2,21, 2436.178955,1218.089966, "SWISS-PROT:P61769 Beta-2-microglobulin precursor"
Y_ION_17,14,1568.599976, 628,2, 2, 1, D,L,2,21, 2436.178955,1218.089966, "SWISS-PROT:P61769 Beta-2-microglobulin precursor"
Y_ION,14,1584.699951, 10000,2, 2, 1, D,L,2,21, 2436.178955,1218.089966, "SWISS-PROT:P61769 Beta-2-microglobulin precursor"
Y_ION,14,1585.699951, 8945,2, 2, 1, D,L,2,21, 2436.178955,1218.089966, "SWISS-PROT:P61769 Beta-2-microglobulin precursor"
Y_ION,14,1586.699951, 3286,2, 2, 1, D,L,2,21, 2436.178955,1218.089966, "SWISS-PROT:P61769 Beta-2-microglobulin precursor"
Y_ION,14,1587.599976, 1214,2, 2, 1, D,L,2,21, 2436.178955,1218.089966, "SWISS-PROT:P61769 Beta-2-microglobulin precursor"
B_ION_17,14,1589.599976, 1960,2, 2, 1, D,L,2,21, 2436.178955,1218.089966, "SWISS-PROT:P61769 Beta-2-microglobulin precursor"
B_ION_17,14,1590.599976, 964,2, 2, 1, D,L,2,21, 2436.178955,1218.089966, "SWISS-PROT:P61769 Beta-2-microglobulin precursor"
B_ION_17,14,1591.500000, 390,2, 2, 1, D,L,2,21, 2436.178955,1218.089966, "SWISS-PROT:P61769 Beta-2-microglobulin precursor"
B_ION,14,1606.599976, 3040,2, 2, 1, D,L,2,21, 2436.178955,1218.089966, "SWISS-PROT:P61769 Beta-2-microglobulin precursor"
B_ION,14,1607.500000, 2025,2, 2, 1, D,L,2,21, 2436.178955,1218.089966, "SWISS-PROT:P61769 Beta-2-microglobulin precursor"
B_ION,14,1608.599976, 1199,2, 2, 1, D,L,2,21, 2436.178955,1218.089966, "SWISS-PROT:P61769 Beta-2-microglobulin precursor"
Y_ION_18,15,1703.699951, 365,2, 2, 1, L,L,2,21, 2436.178955,1218.089966, "SWISS-PROT:P61769 Beta-2-microglobulin precursor"
Y_ION_17,15,1704.699951, 264,2, 2, 1, L,L,2,21, 2436.178955,1218.089966, "SWISS-PROT:P61769 Beta-2-microglobulin precursor"
Y_ION_17,15,1705.800049, 322,2, 2, 1, L,L,2,21, 2436.178955,1218.089966, "SWISS-PROT:P61769 Beta-2-microglobulin precursor"
B_ION,15,1719.599976, 444,2, 2, 1, L,L,2,21, 2436.178955,1218.089966, "SWISS-PROT:P61769 Beta-2-microglobulin precursor"
B_ION,15,1720.699951, 328,2, 2, 1, L,L,2,21, 2436.178955,1218.089966, "SWISS-PROT:P61769 Beta-2-microglobulin precursor"
Y_ION,15,1721.800049, 1326,2, 2, 1, L,L,2,21, 2436.178955,1218.089966, "SWISS-PROT:P61769 Beta-2-microglobulin precursor"
Y_ION,15,1722.800049, 840,2, 2, 1, L,L,2,21, 2436.178955,1218.089966, "SWISS-PROT:P61769 Beta-2-microglobulin precursor"
Y_ION,15,1723.699951, 698,2, 2, 1, L,L,2,21, 2436.178955,1218.089966, "SWISS-PROT:P61769 Beta-2-microglobulin precursor"
B_ION,16,1832.699951, 495,2, 2, 1, L,K,2,21, 2436.178955,1218.089966, "SWISS-PROT:P61769 Beta-2-microglobulin precursor"
B_ION,16,1833.800049, 620,2, 2, 1, L,K,2,21, 2436.178955,1218.089966, "SWISS-PROT:P61769 Beta-2-microglobulin precursor"
B_ION_17,17,1943.800049, 384,2, 2, 1, K,N,2,21, 2436.178955,1218.089966, "SWISS-PROT:P61769 Beta-2-microglobulin precursor"
B_ION,17,1960.699951, 328,2, 2, 1, K,N,2,21, 2436.178955,1218.089966, "SWISS-PROT:P61769 Beta-2-microglobulin precursor"
B_ION,2,245.199997, 179,7, 6, 1, E,Y,1,6, 756.304016,756.304016, "SWISS-PROT:P61769 Beta-2-microglobulin precursor"
Y_ION_17,2,261.200012, 73,6, 4, 1, E,Y,1,6, 756.304016,756.304016, "SWISS-PROT:P61769 Beta-2-microglobulin precursor"
Y_ION,2,278.299988, 58,5, 3, 1, E,Y,1,6, 756.304016,756.304016, "SWISS-PROT:P61769 Beta-2-microglobulin precursor"
Y_ION_17,3,332.100006, 207,7, 7, 1, Y,A,1,6, 756.304016,756.304016, "SWISS-PROT:P61769 Beta-2-microglobulin precursor"
Y_ION,3,349.399994, 134,7, 4, 1, Y,A,1,6, 756.304016,756.304016, "SWISS-PROT:P61769 Beta-2-microglobulin precursor"
B_ION_18,3,390.200012, 105,7, 4, 1, Y,A,1,6, 756.304016,756.304016, "SWISS-PROT:P61769 Beta-2-microglobulin precursor"
B_ION,3,408.200012, 472,7, 7, 1, Y,A,1,6, 756.304016,756.304016, "SWISS-PROT:P61769 Beta-2-microglobulin precursor"
B_ION_18,4,461.200012, 177,7, 4, 1, A,C,1,6, 756.304016,756.304016, "SWISS-PROT:P61769 Beta-2-microglobulin precursor"
B_ION,4,479.200012, 248,7, 7, 1, A,C,1,6, 756.304016,756.304016, "SWISS-PROT:P61769 Beta-2-microglobulin precursor"
Y_ION_18,4,494.299988, 128,7, 5, 1, A,C,1,6, 756.304016,756.304016, "SWISS-PROT:P61769 Beta-2-microglobulin precursor"
Y_ION_17,4,495.200012, 515,7, 7, 1, A,C,1,6, 756.304016,756.304016, "SWISS-PROT:P61769 Beta-2-microglobulin precursor"
Y_ION,4,512.299988, 5865,7, 7, 1, A,C,1,6, 756.304016,756.304016, "SWISS-PROT:P61769 Beta-2-microglobulin precursor"
Y_ION,4,513.299988, 185,7, 6, 1, A,C,1,6, 756.304016,756.304016, "SWISS-PROT:P61769 Beta-2-microglobulin precursor"
B_ION,5,582.299988, 162,7, 5, 1, C,R,1,6, 756.304016,756.304016, "SWISS-PROT:P61769 Beta-2-microglobulin precursor"
Y_ION_18,5,623.400024, 1113,7, 7, 1, C,R,1,6, 756.304016,756.304016, "SWISS-PROT:P61769 Beta-2-microglobulin precursor"
Y_ION_17,5,624.299988, 214,7, 7, 1, C,R,1,6, 756.304016,756.304016, "SWISS-PROT:P61769 Beta-2-microglobulin precursor"
Y_ION,5,641.299988, 10000,7, 7, 1, C,R,1,6, 756.304016,756.304016, "SWISS-PROT:P61769 Beta-2-microglobulin precursor"
Y_ION,5,642.500000, 323,7, 7, 1, C,R,1,6, 756.304016,756.304016, "SWISS-PROT:P61769 Beta-2-microglobulin precursor"
B_ION,2,245.199997, 53,16, 13, 1, E,Y,1,6, 813.325012,813.325012, "SWISS-PROT:P61769 Beta-2-microglobulin precursor"
Y_ION_17,2,318.200012, 384,19, 19, 1, E,Y,1,6, 813.325012,813.325012, "SWISS-PROT:P61769 Beta-2-microglobulin precursor"
Y_ION_17,2,319.200012, 26,12, 13, 1, E,Y,1,6, 813.325012,813.325012, "SWISS-PROT:P61769 Beta-2-microglobulin precursor"
Y_ION,2,335.200012, 91,19, 19, 1, E,Y,1,6, 813.325012,813.325012, "SWISS-PROT:P61769 Beta-2-microglobulin precursor"
Y_ION,2,336.299988, 19,12, 9, 1, E,Y,1,6, 813.325012,813.325012, "SWISS-PROT:P61769 Beta-2-microglobulin precursor"
Y_ION_17,3,389.200012, 285,19, 19, 1, Y,A,1,6, 813.325012,813.325012, "SWISS-PROT:P61769 Beta-2-microglobulin precursor"
B_ION_18,3,390.200012, 48,16, 13, 1, Y,A,1,6, 813.325012,813.325012, "SWISS-PROT:P61769 Beta-2-microglobulin precursor"
B_ION_17,3,391.000000, 20,12, 7, 1, Y,A,1,6, 813.325012,813.325012, "SWISS-PROT:P61769 Beta-2-microglobulin precursor"
B_ION_17,3,392.200012, 52,17, 13, 1, Y,A,1,6, 813.325012,813.325012, "SWISS-PROT:P61769 Beta-2-microglobulin precursor"
Y_ION,3,406.299988, 116,19, 19, 1, Y,A,1,6, 813.325012,813.325012, "SWISS-PROT:P61769 Beta-2-microglobulin precursor"
B_ION,3,408.200012, 164,19, 18, 1, Y,A,1,6, 813.325012,813.325012, "SWISS-PROT:P61769 Beta-2-microglobulin precursor"
A_ION,4,451.200012, 18,12, 8, 1, A,C,1,6, 813.325012,813.325012, "SWISS-PROT:P61769 Beta-2-microglobulin precursor"
B_ION_18,4,461.299988, 60,17, 14, 1, A,C,1,6, 813.325012,813.325012, "SWISS-PROT:P61769 Beta-2-microglobulin precursor"
B_ION,4,479.200012, 185,19, 19, 1, A,C,1,6, 813.325012,813.325012, "SWISS-PROT:P61769 Beta-2-microglobulin precursor"
Y_ION_18,4,551.200012, 57,12, 10, 1, A,C,1,6, 813.325012,813.325012, "SWISS-PROT:P61769 Beta-2-microglobulin precursor"
Y_ION_17,4,552.400024, 473,19, 19, 1, A,C,1,6, 813.325012,813.325012, "SWISS-PROT:P61769 Beta-2-microglobulin precursor"
Y_ION,4,569.299988, 5204,19, 19, 1, A,C,1,6, 813.325012,813.325012, "SWISS-PROT:P61769 Beta-2-microglobulin precursor"
A_ION,5,611.200012, 32,12, 12, 1, C,R,1,6, 813.325012,813.325012, "SWISS-PROT:P61769 Beta-2-microglobulin precursor"
B_ION_18,5,621.299988, 37,12, 12, 1, C,R,1,6, 813.325012,813.325012, "SWISS-PROT:P61769 Beta-2-microglobulin precursor"
B_ION,5,639.299988, 72,18, 16, 1, C,R,1,6, 813.325012,813.325012, "SWISS-PROT:P61769 Beta-2-microglobulin precursor"
Y_ION_18,5,680.299988, 1469,19, 19, 1, C,R,1,6, 813.325012,813.325012, "SWISS-PROT:P61769 Beta-2-microglobulin precursor"
Y_ION_17,5,681.299988, 233,19, 19, 1, C,R,1,6, 813.325012,813.325012, "SWISS-PROT:P61769 Beta-2-microglobulin precursor"
Y_ION,5,698.299988, 10000,19, 19, 1, C,R,1,6, 813.325012,813.325012, "SWISS-PROT:P61769 Beta-2-microglobulin precursor"
Y_ION,5,699.099976, 43,17, 11, 1, C,R,1,6, 813.325012,813.325012, "SWISS-PROT:P61769 Beta-2-microglobulin precursor"
Y_ION,1,175.100006, 75,9, 9, 1, D,E,2,6, 757.312012,378.656006, "SWISS-PROT:P61769 Beta-2-microglobulin precursor"
A_ION,2,217.100006, 2016,9, 9, 1, E,Y,2,6, 757.312012,378.656006, "SWISS-PROT:P61769 Beta-2-microglobulin precursor"
B_ION_18,2,227.100006, 109,9, 9, 1, E,Y,2,6, 757.312012,378.656006, "SWISS-PROT:P61769 Beta-2-microglobulin precursor"
B_ION_17,2,228.100006, 36,9, 7, 1, E,Y,2,6, 757.312012,378.656006, "SWISS-PROT:P61769 Beta-2-microglobulin precursor"
B_ION,2,245.000000, 4485,9, 9, 1, E,Y,2,6, 757.312012,378.656006, "SWISS-PROT:P61769 Beta-2-microglobulin precursor"
B_ION,2,246.100006, 218,9, 9, 1, E,Y,2,6, 757.312012,378.656006, "SWISS-PROT:P61769 Beta-2-microglobulin precursor"
Y_ION,4,256.799988, 81,9, 8, 2, A,C,2,6, 757.312012,378.656006, "SWISS-PROT:P61769 Beta-2-microglobulin precursor"
Y_ION,4,258.100006, 36,9, 5, 2, A,C,2,6, 757.312012,378.656006, "SWISS-PROT:P61769 Beta-2-microglobulin precursor"
Y_ION,2,278.200012, 547,9, 9, 1, E,Y,2,6, 757.312012,378.656006, "SWISS-PROT:P61769 Beta-2-microglobulin precursor"
Y_ION,2,279.200012, 40,9, 7, 1, E,Y,2,6, 757.312012,378.656006, "SWISS-PROT:P61769 Beta-2-microglobulin precursor"
Y_ION_17,5,312.799988, 21,8, 7, 2, C,R,2,6, 757.312012,378.656006, "SWISS-PROT:P61769 Beta-2-microglobulin precursor"
Y_ION,5,321.100006, 47,9, 5, 2, C,R,2,6, 757.312012,378.656006, "SWISS-PROT:P61769 Beta-2-microglobulin precursor"
Y_ION_18,3,331.299988, 24,8, 6, 1, Y,A,2,6, 757.312012,378.656006, "SWISS-PROT:P61769 Beta-2-microglobulin precursor"
Y_ION,3,349.200012, 2884,9, 9, 1, Y,A,2,6, 757.312012,378.656006, "SWISS-PROT:P61769 Beta-2-microglobulin precursor"
Y_ION,3,350.200012, 224,9, 9, 1, Y,A,2,6, 757.312012,378.656006, "SWISS-PROT:P61769 Beta-2-microglobulin precursor"
B_ION_18,3,390.000000, 307,9, 9, 1, Y,A,2,6, 757.312012,378.656006, "SWISS-PROT:P61769 Beta-2-microglobulin precursor"
B_ION_17,3,391.000000, 45,9, 8, 1, Y,A,2,6, 757.312012,378.656006, "SWISS-PROT:P61769 Beta-2-microglobulin precursor"
B_ION,3,408.100006, 434,9, 9, 1, Y,A,2,6, 757.312012,378.656006, "SWISS-PROT:P61769 Beta-2-microglobulin precursor"
B_ION,3,409.100006, 51,9, 9, 1, Y,A,2,6, 757.312012,378.656006, "SWISS-PROT:P61769 Beta-2-microglobulin precursor"
B_ION_18,4,461.200012, 94,9, 9, 1, A,C,2,6, 757.312012,378.656006, "SWISS-PROT:P61769 Beta-2-microglobulin precursor"
B_ION_17,4,462.000000, 32,9, 6, 1, A,C,2,6, 757.312012,378.656006, "SWISS-PROT:P61769 Beta-2-microglobulin precursor"
B_ION,4,479.100006, 149,9, 9, 1, A,C,2,6, 757.312012,378.656006, "SWISS-PROT:P61769 Beta-2-microglobulin precursor"
B_ION,4,480.200012, 33,9, 8, 1, A,C,2,6, 757.312012,378.656006, "SWISS-PROT:P61769 Beta-2-microglobulin precursor"
Y_ION,4,512.299988, 10000,9, 9, 1, A,C,2,6, 757.312012,378.656006, "SWISS-PROT:P61769 Beta-2-microglobulin precursor"
Y_ION,4,513.299988, 1334,9, 9, 1, A,C,2,6, 757.312012,378.656006, "SWISS-PROT:P61769 Beta-2-microglobulin precursor"
B_ION_18,5,564.200012, 49,9, 8, 1, C,R,2,6, 757.312012,378.656006, "SWISS-PROT:P61769 Beta-2-microglobulin precursor"
B_ION,5,582.200012, 45,9, 7, 1, C,R,2,6, 757.312012,378.656006, "SWISS-PROT:P61769 Beta-2-microglobulin precursor"
Y_ION_18,5,623.599976, 19,8, 6, 1, C,R,2,6, 757.312012,378.656006, "SWISS-PROT:P61769 Beta-2-microglobulin precursor"
Y_ION_18,1,157.100006, 54,3, 3, 1, D,E,2,6, 814.333008,407.166992, "SWISS-PROT:P61769 Beta-2-microglobulin precursor"
Y_ION_17,1,158.100006, 99,3, 3, 1, D,E,2,6, 814.333008,407.166992, "SWISS-PROT:P61769 Beta-2-microglobulin precursor"
Y_ION,1,175.100006, 842,3, 3, 1, D,E,2,6, 814.333008,407.166992, "SWISS-PROT:P61769 Beta-2-microglobulin precursor"
Y_ION,1,176.199997, 75,3, 3, 1, D,E,2,6, 814.333008,407.166992, "SWISS-PROT:P61769 Beta-2-microglobulin precursor"
A_ION,2,217.100006, 1811,3, 3, 1, E,Y,2,6, 814.333008,407.166992, "SWISS-PROT:P61769 Beta-2-microglobulin precursor"
B_ION_18,2,227.000000, 149,3, 3, 1, E,Y,2,6, 814.333008,407.166992, "SWISS-PROT:P61769 Beta-2-microglobulin precursor"
B_ION_17,2,228.100006, 269,3, 3, 1, E,Y,2,6, 814.333008,407.166992, "SWISS-PROT:P61769 Beta-2-microglobulin precursor"
B_ION_17,2,229.100006, 48,3, 2, 1, E,Y,2,6, 814.333008,407.166992, "SWISS-PROT:P61769 Beta-2-microglobulin precursor"
B_ION,2,245.100006, 3721,3, 3, 1, E,Y,2,6, 814.333008,407.166992, "SWISS-PROT:P61769 Beta-2-microglobulin precursor"
B_ION,2,246.100006, 200,3, 3, 1, E,Y,2,6, 814.333008,407.166992, "SWISS-PROT:P61769 Beta-2-microglobulin precursor"
Y_ION,4,285.299988, 311,3, 3, 2, A,C,2,6, 814.333008,407.166992, "SWISS-PROT:P61769 Beta-2-microglobulin precursor"
Y_ION_18,2,317.500000, 15,3, 3, 1, E,Y,2,6, 814.333008,407.166992, "SWISS-PROT:P61769 Beta-2-microglobulin precursor"
Y_ION_17,2,318.299988, 37,3, 3, 1, E,Y,2,6, 814.333008,407.166992, "SWISS-PROT:P61769 Beta-2-microglobulin precursor"
Y_ION,2,335.200012, 1094,3, 3, 1, E,Y,2,6, 814.333008,407.166992, "SWISS-PROT:P61769 Beta-2-microglobulin precursor"
Y_ION,2,336.299988, 120,3, 3, 1, E,Y,2,6, 814.333008,407.166992, "SWISS-PROT:P61769 Beta-2-microglobulin precursor"
Y_ION_18,5,340.700012, 67,3, 3, 2, C,R,2,6, 814.333008,407.166992, "SWISS-PROT:P61769 Beta-2-microglobulin precursor"
Y_ION_17,5,340.700012, 67,3, 3, 2, C,R,2,6, 814.333008,407.166992, "SWISS-PROT:P61769 Beta-2-microglobulin precursor"
Y_ION_17,5,341.399994, 25,3, 2, 2, C,R,2,6, 814.333008,407.166992, "SWISS-PROT:P61769 Beta-2-microglobulin precursor"
Y_ION,5,349.700012, 31,3, 2, 2, C,R,2,6, 814.333008,407.166992, "SWISS-PROT:P61769 Beta-2-microglobulin precursor"
A_ION,3,380.100006, 99,3, 3, 1, Y,A,2,6, 814.333008,407.166992, "SWISS-PROT:P61769 Beta-2-microglobulin precursor"
A_ION,3,381.200012, 40,3, 3, 1, Y,A,2,6, 814.333008,407.166992, "SWISS-PROT:P61769 Beta-2-microglobulin precursor"
Y_ION_18,3,388.500000, 87,3, 2, 1, Y,A,2,6, 814.333008,407.166992, "SWISS-PROT:P61769 Beta-2-microglobulin precursor"
Y_ION_17,3,389.299988, 914,3, 3, 1, Y,A,2,6, 814.333008,407.166992, "SWISS-PROT:P61769 Beta-2-microglobulin precursor"
B_ION_18,3,390.000000, 594,3, 3, 1, Y,A,2,6, 814.333008,407.166992, "SWISS-PROT:P61769 Beta-2-microglobulin precursor"
B_ION_17,3,391.200012, 43,3, 3, 1, Y,A,2,6, 814.333008,407.166992, "SWISS-PROT:P61769 Beta-2-microglobulin precursor"
A_ION,4,451.100006, 36,3, 3, 1, A,C,2,6, 814.333008,407.166992, "SWISS-PROT:P61769 Beta-2-microglobulin precursor"
B_ION_18,4,461.200012, 147,3, 3, 1, A,C,2,6, 814.333008,407.166992, "SWISS-PROT:P61769 Beta-2-microglobulin precursor"
B_ION_17,4,462.299988, 33,3, 2, 1, A,C,2,6, 814.333008,407.166992, "SWISS-PROT:P61769 Beta-2-microglobulin precursor"
B_ION,4,479.200012, 253,3, 3, 1, A,C,2,6, 814.333008,407.166992, "SWISS-PROT:P61769 Beta-2-microglobulin precursor"
B_ION,4,480.299988, 33,3, 3, 1, A,C,2,6, 814.333008,407.166992, "SWISS-PROT:P61769 Beta-2-microglobulin precursor"
Y_ION_18,4,551.299988, 15,3, 2, 1, A,C,2,6, 814.333008,407.166992, "SWISS-PROT:P61769 Beta-2-microglobulin precursor"
Y_ION,4,569.299988, 10000,3, 3, 1, A,C,2,6, 814.333008,407.166992, "SWISS-PROT:P61769 Beta-2-microglobulin precursor"
Y_ION,4,570.299988, 1873,3, 3, 1, A,C,2,6, 814.333008,407.166992, "SWISS-PROT:P61769 Beta-2-microglobulin precursor"
B_ION_18,5,621.099976, 175,3, 3, 1, C,R,2,6, 814.333008,407.166992, "SWISS-PROT:P61769 Beta-2-microglobulin precursor"
B_ION_17,5,622.099976, 54,3, 3, 1, C,R,2,6, 814.333008,407.166992, "SWISS-PROT:P61769 Beta-2-microglobulin precursor"
B_ION,5,639.200012, 115,3, 3, 1, C,R,2,6, 814.333008,407.166992, "SWISS-PROT:P61769 Beta-2-microglobulin precursor"
Y_ION_18,5,680.500000, 22,3, 3, 1, C,R,2,6, 814.333008,407.166992, "SWISS-PROT:P61769 Beta-2-microglobulin precursor"
Y_ION,5,698.400024, 61,3, 2, 1, C,R,2,6, 814.333008,407.166992, "SWISS-PROT:P61769 Beta-2-microglobulin precursor"
Y_ION,5,699.400024, 17,3, 2, 1, C,R,2,6, 814.333008,407.166992, "SWISS-PROT:P61769 Beta-2-microglobulin precursor"
NUM SPECTRA: 7